Traceback (most recent call last):
  File "/home/vaclav/.local/lib/python3.10/site-packages/jupyter_cache/executors/utils.py", line 58, in single_nb_execution
    executenb(
  File "/home/vaclav/.local/lib/python3.10/site-packages/nbclient/client.py", line 1314, in execute
    return NotebookClient(nb=nb, resources=resources, km=km, **kwargs).execute()
  File "/home/vaclav/.local/lib/python3.10/site-packages/jupyter_core/utils/__init__.py", line 165, in wrapped
    return loop.run_until_complete(inner)
  File "/usr/lib/python3.10/asyncio/base_events.py", line 649, in run_until_complete
    return future.result()
  File "/home/vaclav/.local/lib/python3.10/site-packages/nbclient/client.py", line 709, in async_execute
    await self.async_execute_cell(
  File "/home/vaclav/.local/lib/python3.10/site-packages/nbclient/client.py", line 1062, in async_execute_cell
    await self._check_raise_for_error(cell, cell_index, exec_reply)
  File "/home/vaclav/.local/lib/python3.10/site-packages/nbclient/client.py", line 918, in _check_raise_for_error
    raise CellExecutionError.from_cell_and_msg(cell, exec_reply_content)
nbclient.exceptions.CellExecutionError: An error occurred while executing the following cell:
------------------
import pandas as pd

df = pd.read_csv("data/nakazeni-vyleceni-umrti-testy.csv")

df.set_index(['datum'], drop = True, inplace = True)
df.index = pd.to_datetime(df.index)
new_names = ["inf", "cur", "dead", "tests", "ag", "d_inf", "d_cur", "d_dead", "d_tests", "d_ag"]
df.columns = new_names
------------------


[0;31m---------------------------------------------------------------------------[0m
[0;31mFileNotFoundError[0m                         Traceback (most recent call last)
[0;32m/tmp/ipykernel_1574311/3946426501.py[0m in [0;36m<module>[0;34m[0m
[1;32m      1[0m [0;32mimport[0m [0mpandas[0m [0;32mas[0m [0mpd[0m[0;34m[0m[0;34m[0m[0m
[1;32m      2[0m [0;34m[0m[0m
[0;32m----> 3[0;31m [0mdf[0m [0;34m=[0m [0mpd[0m[0;34m.[0m[0mread_csv[0m[0;34m([0m[0;34m"data/nakazeni-vyleceni-umrti-testy.csv"[0m[0;34m)[0m[0;34m[0m[0;34m[0m[0m
[0m[1;32m      4[0m [0;34m[0m[0m
[1;32m      5[0m [0mdf[0m[0;34m.[0m[0mset_index[0m[0;34m([0m[0;34m[[0m[0;34m'datum'[0m[0;34m][0m[0;34m,[0m [0mdrop[0m [0;34m=[0m [0;32mTrue[0m[0;34m,[0m [0minplace[0m [0;34m=[0m [0;32mTrue[0m[0;34m)[0m[0;34m[0m[0;34m[0m[0m

[0;32m~/.local/lib/python3.10/site-packages/pandas/io/parsers/readers.py[0m in [0;36mread_csv[0;34m(filepath_or_buffer, sep, delimiter, header, names, index_col, usecols, dtype, engine, converters, true_values, false_values, skipinitialspace, skiprows, skipfooter, nrows, na_values, keep_default_na, na_filter, verbose, skip_blank_lines, parse_dates, infer_datetime_format, keep_date_col, date_parser, date_format, dayfirst, cache_dates, iterator, chunksize, compression, thousands, decimal, lineterminator, quotechar, quoting, doublequote, escapechar, comment, encoding, encoding_errors, dialect, on_bad_lines, delim_whitespace, low_memory, memory_map, float_precision, storage_options, dtype_backend)[0m
[1;32m   1024[0m     [0mkwds[0m[0;34m.[0m[0mupdate[0m[0;34m([0m[0mkwds_defaults[0m[0;34m)[0m[0;34m[0m[0;34m[0m[0m
[1;32m   1025[0m [0;34m[0m[0m
[0;32m-> 1026[0;31m     [0;32mreturn[0m [0m_read[0m[0;34m([0m[0mfilepath_or_buffer[0m[0;34m,[0m [0mkwds[0m[0;34m)[0m[0;34m[0m[0;34m[0m[0m
[0m[1;32m   1027[0m [0;34m[0m[0m
[1;32m   1028[0m [0;34m[0m[0m

[0;32m~/.local/lib/python3.10/site-packages/pandas/io/parsers/readers.py[0m in [0;36m_read[0;34m(filepath_or_buffer, kwds)[0m
[1;32m    618[0m [0;34m[0m[0m
[1;32m    619[0m     [0;31m# Create the parser.[0m[0;34m[0m[0;34m[0m[0m
[0;32m--> 620[0;31m     [0mparser[0m [0;34m=[0m [0mTextFileReader[0m[0;34m([0m[0mfilepath_or_buffer[0m[0;34m,[0m [0;34m**[0m[0mkwds[0m[0;34m)[0m[0;34m[0m[0;34m[0m[0m
[0m[1;32m    621[0m [0;34m[0m[0m
[1;32m    622[0m     [0;32mif[0m [0mchunksize[0m [0;32mor[0m [0miterator[0m[0;34m:[0m[0;34m[0m[0;34m[0m[0m

[0;32m~/.local/lib/python3.10/site-packages/pandas/io/parsers/readers.py[0m in [0;36m__init__[0;34m(self, f, engine, **kwds)[0m
[1;32m   1618[0m [0;34m[0m[0m
[1;32m   1619[0m         [0mself[0m[0;34m.[0m[0mhandles[0m[0;34m:[0m [0mIOHandles[0m [0;34m|[0m [0;32mNone[0m [0;34m=[0m [0;32mNone[0m[0;34m[0m[0;34m[0m[0m
[0;32m-> 1620[0;31m         [0mself[0m[0;34m.[0m[0m_engine[0m [0;34m=[0m [0mself[0m[0;34m.[0m[0m_make_engine[0m[0;34m([0m[0mf[0m[0;34m,[0m [0mself[0m[0;34m.[0m[0mengine[0m[0;34m)[0m[0;34m[0m[0;34m[0m[0m
[0m[1;32m   1621[0m [0;34m[0m[0m
[1;32m   1622[0m     [0;32mdef[0m [0mclose[0m[0;34m([0m[0mself[0m[0;34m)[0m [0;34m->[0m [0;32mNone[0m[0;34m:[0m[0;34m[0m[0;34m[0m[0m

[0;32m~/.local/lib/python3.10/site-packages/pandas/io/parsers/readers.py[0m in [0;36m_make_engine[0;34m(self, f, engine)[0m
[1;32m   1878[0m                 [0;32mif[0m [0;34m"b"[0m [0;32mnot[0m [0;32min[0m [0mmode[0m[0;34m:[0m[0;34m[0m[0;34m[0m[0m
[1;32m   1879[0m                     [0mmode[0m [0;34m+=[0m [0;34m"b"[0m[0;34m[0m[0;34m[0m[0m
[0;32m-> 1880[0;31m             self.handles = get_handle(
[0m[1;32m   1881[0m                 [0mf[0m[0;34m,[0m[0;34m[0m[0;34m[0m[0m
[1;32m   1882[0m                 [0mmode[0m[0;34m,[0m[0;34m[0m[0;34m[0m[0m

[0;32m~/.local/lib/python3.10/site-packages/pandas/io/common.py[0m in [0;36mget_handle[0;34m(path_or_buf, mode, encoding, compression, memory_map, is_text, errors, storage_options)[0m
[1;32m    871[0m         [0;32mif[0m [0mioargs[0m[0;34m.[0m[0mencoding[0m [0;32mand[0m [0;34m"b"[0m [0;32mnot[0m [0;32min[0m [0mioargs[0m[0;34m.[0m[0mmode[0m[0;34m:[0m[0;34m[0m[0;34m[0m[0m
[1;32m    872[0m             [0;31m# Encoding[0m[0;34m[0m[0;34m[0m[0m
[0;32m--> 873[0;31m             handle = open(
[0m[1;32m    874[0m                 [0mhandle[0m[0;34m,[0m[0;34m[0m[0;34m[0m[0m
[1;32m    875[0m                 [0mioargs[0m[0;34m.[0m[0mmode[0m[0;34m,[0m[0;34m[0m[0;34m[0m[0m

[0;31mFileNotFoundError[0m: [Errno 2] No such file or directory: 'data/nakazeni-vyleceni-umrti-testy.csv'

