Traceback (most recent call last):
  File "/home/vaclav/.local/lib/python3.10/site-packages/jupyter_cache/executors/utils.py", line 58, in single_nb_execution
    executenb(
  File "/home/vaclav/.local/lib/python3.10/site-packages/nbclient/client.py", line 1314, in execute
    return NotebookClient(nb=nb, resources=resources, km=km, **kwargs).execute()
  File "/home/vaclav/.local/lib/python3.10/site-packages/jupyter_core/utils/__init__.py", line 165, in wrapped
    return loop.run_until_complete(inner)
  File "/usr/lib/python3.10/asyncio/base_events.py", line 649, in run_until_complete
    return future.result()
  File "/home/vaclav/.local/lib/python3.10/site-packages/nbclient/client.py", line 709, in async_execute
    await self.async_execute_cell(
  File "/home/vaclav/.local/lib/python3.10/site-packages/nbclient/client.py", line 1062, in async_execute_cell
    await self._check_raise_for_error(cell, cell_index, exec_reply)
  File "/home/vaclav/.local/lib/python3.10/site-packages/nbclient/client.py", line 918, in _check_raise_for_error
    raise CellExecutionError.from_cell_and_msg(cell, exec_reply_content)
nbclient.exceptions.CellExecutionError: An error occurred while executing the following cell:
------------------
from bs4 import BeautifulSoup

with open("data/sample.html") as fp:
    # soup = BeautifulSoup(fp, 'html.parser') # zabudovan7 pythoni parser
    soup = BeautifulSoup(fp, 'lxml') # zabudovan7 pythoni parser
------------------


[0;31m---------------------------------------------------------------------------[0m
[0;31mFileNotFoundError[0m                         Traceback (most recent call last)
[0;32m/tmp/ipykernel_1080348/1232595439.py[0m in [0;36m<module>[0;34m[0m
[1;32m      1[0m [0;32mfrom[0m [0mbs4[0m [0;32mimport[0m [0mBeautifulSoup[0m[0;34m[0m[0;34m[0m[0m
[1;32m      2[0m [0;34m[0m[0m
[0;32m----> 3[0;31m [0;32mwith[0m [0mopen[0m[0;34m([0m[0;34m"data/sample.html"[0m[0;34m)[0m [0;32mas[0m [0mfp[0m[0;34m:[0m[0;34m[0m[0;34m[0m[0m
[0m[1;32m      4[0m     [0;31m# soup = BeautifulSoup(fp, 'html.parser') # zabudovan7 pythoni parser[0m[0;34m[0m[0;34m[0m[0m
[1;32m      5[0m     [0msoup[0m [0;34m=[0m [0mBeautifulSoup[0m[0;34m([0m[0mfp[0m[0;34m,[0m [0;34m'lxml'[0m[0;34m)[0m [0;31m# zabudovan7 pythoni parser[0m[0;34m[0m[0;34m[0m[0m

[0;31mFileNotFoundError[0m: [Errno 2] No such file or directory: 'data/sample.html'

