Traceback (most recent call last):
  File "/home/vaclav/.local/lib/python3.10/site-packages/jupyter_cache/executors/utils.py", line 58, in single_nb_execution
    executenb(
  File "/home/vaclav/.local/lib/python3.10/site-packages/nbclient/client.py", line 1314, in execute
    return NotebookClient(nb=nb, resources=resources, km=km, **kwargs).execute()
  File "/home/vaclav/.local/lib/python3.10/site-packages/jupyter_core/utils/__init__.py", line 165, in wrapped
    return loop.run_until_complete(inner)
  File "/usr/lib/python3.10/asyncio/base_events.py", line 649, in run_until_complete
    return future.result()
  File "/home/vaclav/.local/lib/python3.10/site-packages/nbclient/client.py", line 709, in async_execute
    await self.async_execute_cell(
  File "/home/vaclav/.local/lib/python3.10/site-packages/nbclient/client.py", line 1062, in async_execute_cell
    await self._check_raise_for_error(cell, cell_index, exec_reply)
  File "/home/vaclav/.local/lib/python3.10/site-packages/nbclient/client.py", line 918, in _check_raise_for_error
    raise CellExecutionError.from_cell_and_msg(cell, exec_reply_content)
nbclient.exceptions.CellExecutionError: An error occurred while executing the following cell:
------------------
def may_throw():
    raise RuntimeError("oh no, it happened")
        
def subprogram():
    print("this is subprogram, doing subprogram things")
    may_throw()
    print("subprogram finished")
    
def mainprogram():
    print("this is the main program, doing main program things")
    print("calling subprogram")
    subprogram()
    print("mainprogram finished")
        
mainprogram()
------------------

----- stdout -----
this is the main program, doing main program things
calling subprogram
this is subprogram, doing subprogram things
------------------

[0;31m---------------------------------------------------------------------------[0m
[0;31mRuntimeError[0m                              Traceback (most recent call last)
[0;32m/tmp/ipykernel_1146825/3985230583.py[0m in [0;36m<module>[0;34m[0m
[1;32m     13[0m     [0mprint[0m[0;34m([0m[0;34m"mainprogram finished"[0m[0;34m)[0m[0;34m[0m[0;34m[0m[0m
[1;32m     14[0m [0;34m[0m[0m
[0;32m---> 15[0;31m [0mmainprogram[0m[0;34m([0m[0;34m)[0m[0;34m[0m[0;34m[0m[0m
[0m
[0;32m/tmp/ipykernel_1146825/3985230583.py[0m in [0;36mmainprogram[0;34m()[0m
[1;32m     10[0m     [0mprint[0m[0;34m([0m[0;34m"this is the main program, doing main program things"[0m[0;34m)[0m[0;34m[0m[0;34m[0m[0m
[1;32m     11[0m     [0mprint[0m[0;34m([0m[0;34m"calling subprogram"[0m[0;34m)[0m[0;34m[0m[0;34m[0m[0m
[0;32m---> 12[0;31m     [0msubprogram[0m[0;34m([0m[0;34m)[0m[0;34m[0m[0;34m[0m[0m
[0m[1;32m     13[0m     [0mprint[0m[0;34m([0m[0;34m"mainprogram finished"[0m[0;34m)[0m[0;34m[0m[0;34m[0m[0m
[1;32m     14[0m [0;34m[0m[0m

[0;32m/tmp/ipykernel_1146825/3985230583.py[0m in [0;36msubprogram[0;34m()[0m
[1;32m      4[0m [0;32mdef[0m [0msubprogram[0m[0;34m([0m[0;34m)[0m[0;34m:[0m[0;34m[0m[0;34m[0m[0m
[1;32m      5[0m     [0mprint[0m[0;34m([0m[0;34m"this is subprogram, doing subprogram things"[0m[0;34m)[0m[0;34m[0m[0;34m[0m[0m
[0;32m----> 6[0;31m     [0mmay_throw[0m[0;34m([0m[0;34m)[0m[0;34m[0m[0;34m[0m[0m
[0m[1;32m      7[0m     [0mprint[0m[0;34m([0m[0;34m"subprogram finished"[0m[0;34m)[0m[0;34m[0m[0;34m[0m[0m
[1;32m      8[0m [0;34m[0m[0m

[0;32m/tmp/ipykernel_1146825/3985230583.py[0m in [0;36mmay_throw[0;34m()[0m
[1;32m      1[0m [0;32mdef[0m [0mmay_throw[0m[0;34m([0m[0;34m)[0m[0;34m:[0m[0;34m[0m[0;34m[0m[0m
[0;32m----> 2[0;31m     [0;32mraise[0m [0mRuntimeError[0m[0;34m([0m[0;34m"oh no, it happened"[0m[0;34m)[0m[0;34m[0m[0;34m[0m[0m
[0m[1;32m      3[0m [0;34m[0m[0m
[1;32m      4[0m [0;32mdef[0m [0msubprogram[0m[0;34m([0m[0;34m)[0m[0;34m:[0m[0;34m[0m[0;34m[0m[0m
[1;32m      5[0m     [0mprint[0m[0;34m([0m[0;34m"this is subprogram, doing subprogram things"[0m[0;34m)[0m[0;34m[0m[0;34m[0m[0m

[0;31mRuntimeError[0m: oh no, it happened

